#
# A fatal error has been detected by the Java Runtime Environment:
#
#  EXCEPTION_ACCESS_VIOLATION (0xc0000005) at pc=0x000000006dccb4a0, pid=17096, tid=0x00000000000046b4
#
# JRE version: OpenJDK Runtime Environment (8.0_212-b04) (build 1.8.0_212-release-1586-b04)
# Java VM: OpenJDK 64-Bit Server VM (25.212-b04 mixed mode windows-amd64 compressed oops)
# Problematic frame:
# V  [jvm.dll+0x8b4a0]
#
# Failed to write core dump. Minidumps are not enabled by default on client versions of Windows
#
# If you would like to submit a bug report, please visit:
#   
#

---------------  T H R E A D  ---------------

Current thread (0x0000000002c2a800):  GCTaskThread [stack: 0x00000000127e0000,0x00000000128e0000] [id=18100]

siginfo: ExceptionCode=0xc0000005, reading address 0x0000000000000070

Registers:
RAX=0x0000000000000000, RBX=0x00000000f0f61368, RCX=0x00000000f0f61368, RDX=0x0000000000000068
RSP=0x00000000128df4e8, RBP=0x00000000120ddc81, RSI=0x00000000166443c0, RDI=0x00000000a1b83808
R8 =0x00000000166443c0, R9 =0x00000000f0f61368, R10=0x000000000000000c, R11=0x000000000000000c
R12=0x00000000120ddc1b, R13=0x00000000f0f61480, R14=0x0000000000000000, R15=0x0000000002c23640
RIP=0x000000006dccb4a0, EFLAGS=0x0000000000010202

Top of Stack: (sp=0x00000000128df4e8)
0x00000000128df4e8:   000000006e00eb82 00000000f0f612d8
0x00000000128df4f8:   00000000166443c0 00000000166443c0
0x00000000128df508:   00000000f1386c18 00000000f44f0030
0x00000000128df518:   0000000000001000 00000000166443c0
0x00000000128df528:   000000006dd2df83 0000000000000000
0x00000000128df538:   0000000016644300 00000000120ddc1b
0x00000000128df548:   000000006e00eef0 00000000f44f089c
0x00000000128df558:   00000000120ddc81 00000000166443c0
0x00000000128df568:   00000000a1b83808 00000000f44f089c
0x00000000128df578:   000000006e00fa95 00000000f0ee0128
0x00000000128df588:   00000000120ddc81 00000000166443c0
0x00000000128df598:   00000000f0e1013a 00000000166443c0
0x00000000128df5a8:   000000006dd075ba 00000000a1886804
0x00000000128df5b8:   000000006dd2f8a7 00000000a188680d
0x00000000128df5c8:   00000000a188680d 00000000a168f265
0x00000000128df5d8:   00000000a168f265 00000000a1b836d8 

Instructions: (pc=0x000000006dccb4a0)
0x000000006dccb480:   1c 60 1d 00 48 8b 9c 24 c0 00 00 00 48 81 c4 b0
0x000000006dccb490:   00 00 00 5d c3 cc cc cc cc cc cc cc cc cc cc cc
0x000000006dccb4a0:   44 8b 42 08 4c 8b ca 45 85 c0 7e 0e 41 f6 c0 01
0x000000006dccb4b0:   75 57 41 c1 f8 03 41 8b c0 c3 79 4d 80 3d ae 49 


Register to memory mapping:

RAX=0x0000000000000000 is an unknown value
RBX=0x00000000f0f61368 is an oop

[error occurred during error reporting (printing register info), id 0xc0000005]

Stack: [0x00000000127e0000,0x00000000128e0000],  sp=0x00000000128df4e8,  free space=1021k
Native frames: (J=compiled Java code, j=interpreted, Vv=VM code, C=native code)
V  [jvm.dll+0x8b4a0]


---------------  P R O C E S S  ---------------

Java Threads: ( => current thread )
  0x000000002e8a5800 JavaThread "ForkJoinPool-20-worker-3" daemon [_thread_blocked, id=6524, stack(0x0000000031940000,0x0000000031a40000)]
  0x000000002e8a4800 JavaThread "ForkJoinPool-20-worker-2" daemon [_thread_blocked, id=19964, stack(0x0000000030670000,0x0000000030770000)]
  0x000000002e89d000 JavaThread "ForkJoinPool-20-worker-1" daemon [_thread_blocked, id=14396, stack(0x0000000030570000,0x0000000030670000)]
  0x000000002e8a4000 JavaThread "WorkerExecutor Queue Thread 4" [_thread_blocked, id=13716, stack(0x0000000030470000,0x0000000030570000)]
  0x000000002e89b800 JavaThread "WorkerExecutor Queue Thread 3" [_thread_blocked, id=15684, stack(0x0000000030370000,0x0000000030470000)]
  0x000000002e8a2800 JavaThread "WorkerExecutor Queue Thread 2" [_thread_blocked, id=5556, stack(0x000000002fc70000,0x000000002fd70000)]
  0x000000002e89b000 JavaThread "WorkerExecutor Queue" [_thread_blocked, id=11884, stack(0x000000002fb70000,0x000000002fc70000)]
  0x000000002e89c800 JavaThread "Cache worker for Java compile cache (C:\Users\rickn\AndroidStudioProjects\MF-SERVICES\.gradle\5.6.4\javaCompile)" [_thread_blocked, id=13268, stack(0x000000002e6a0000,0x000000002e7a0000)]
  0x000000002e8a1800 JavaThread "Cache worker for execution history cache (C:\Users\rickn\AndroidStudioProjects\MF-SERVICES\.gradle\5.6.4\executionHistory)" [_thread_blocked, id=10944, stack(0x0000000025450000,0x0000000025550000)]
  0x000000002e89a000 JavaThread "Execution worker for ':' Thread 3" [_thread_blocked, id=6260, stack(0x0000000025350000,0x0000000025450000)]
  0x000000002e8a1000 JavaThread "Execution worker for ':' Thread 2" [_thread_blocked, id=3988, stack(0x0000000024fa0000,0x00000000250a0000)]
  0x000000002e89f800 JavaThread "Execution worker for ':'" [_thread_blocked, id=3272, stack(0x00000000248a0000,0x00000000249a0000)]
  0x0000000018627800 JavaThread "Cache worker for file content cache (C:\Users\rickn\AndroidStudioProjects\MF-SERVICES\.gradle\5.6.4\fileContent)" [_thread_blocked, id=5772, stack(0x00000000245a0000,0x00000000246a0000)]
  0x000000001862e000 JavaThread "Cache worker for Build Output Cleanup Cache (C:\Users\rickn\AndroidStudioProjects\MF-SERVICES\.gradle\buildOutputCleanup)" [_thread_blocked, id=2148, stack(0x00000000233b0000,0x00000000234b0000)]
  0x0000000018628000 JavaThread "Build operations Thread 4" [_thread_blocked, id=7988, stack(0x0000000021640000,0x0000000021740000)]
  0x0000000018629800 JavaThread "Build operations Thread 3" [_thread_blocked, id=17620, stack(0x00000000210f0000,0x00000000211f0000)]
  0x0000000018629000 JavaThread "Build operations Thread 2" [_thread_blocked, id=5776, stack(0x0000000020990000,0x0000000020a90000)]
  0x000000001862d800 JavaThread "Build operations" [_thread_blocked, id=12740, stack(0x0000000020890000,0x0000000020990000)]
  0x000000001862b000 JavaThread "Cache worker for cache directory md-rule (C:\Users\rickn\.gradle\caches\5.6.4\md-rule)" [_thread_blocked, id=11060, stack(0x0000000020790000,0x0000000020890000)]
  0x0000000018626800 JavaThread "Cache worker for cache directory md-supplier (C:\Users\rickn\.gradle\caches\5.6.4\md-supplier)" [_thread_blocked, id=19060, stack(0x0000000020690000,0x0000000020790000)]
  0x000000001862c000 JavaThread "Cache worker for file hash cache (C:\Users\rickn\AndroidStudioProjects\MF-SERVICES\.gradle\5.6.4\fileHashes)" [_thread_blocked, id=20340, stack(0x0000000020290000,0x0000000020390000)]
  0x000000001861f000 JavaThread "Thread-277" [_thread_blocked, id=3916, stack(0x000000001ef60000,0x000000001f060000)]
  0x0000000018626000 JavaThread "Stdin handler" [_thread_blocked, id=13852, stack(0x000000001e7c0000,0x000000001e8c0000)]
  0x0000000018623000 JavaThread "Asynchronous log dispatcher for DefaultDaemonConnection: socket connection from /127.0.0.1:61857 to /127.0.0.1:62445" [_thread_blocked, id=17852, stack(0x000000001bf20000,0x000000001c020000)]
  0x0000000018620800 JavaThread "Daemon worker Thread 8" [_thread_blocked, id=19688, stack(0x000000001bc20000,0x000000001bd20000)]
  0x0000000018622000 JavaThread "Cancel handler" [_thread_blocked, id=5904, stack(0x000000001bb20000,0x000000001bc20000)]
  0x0000000018625000 JavaThread "Handler for socket connection from /127.0.0.1:61857 to /127.0.0.1:62445" [_thread_in_native, id=10388, stack(0x000000001b820000,0x000000001b920000)]
  0x0000000018624800 JavaThread "Daemon Thread 8" [_thread_blocked, id=4880, stack(0x000000001b720000,0x000000001b820000)]
  0x0000000018647000 JavaThread "Cache worker for Java compile cache (C:\Users\rickn\.gradle\caches\5.6.4\javaCompile)" [_thread_blocked, id=8892, stack(0x000000002e5a0000,0x000000002e6a0000)]
  0x000000001fd56000 JavaThread "Cache worker for file content cache (C:\Users\rickn\.gradle\caches\5.6.4\fileContent)" [_thread_blocked, id=7188, stack(0x00000000244a0000,0x00000000245a0000)]
  0x000000001fd4c000 JavaThread "Memory manager" [_thread_blocked, id=592, stack(0x0000000023590000,0x0000000023690000)]
  0x000000001864b000 JavaThread "Cache worker for execution history cache (C:\Users\rickn\.gradle\caches\5.6.4\executionHistory)" [_thread_blocked, id=18208, stack(0x0000000020390000,0x0000000020490000)]
  0x000000001864c800 JavaThread "Cache worker for journal cache (C:\Users\rickn\.gradle\caches\journal-1)" [_thread_blocked, id=10480, stack(0x000000001c420000,0x000000001c520000)]
  0x000000001864e000 JavaThread "File lock request listener" [_thread_in_native, id=16632, stack(0x000000001c320000,0x000000001c420000)]
  0x0000000018de7000 JavaThread "Cache worker for file hash cache (C:\Users\rickn\.gradle\caches\5.6.4\fileHashes)" [_thread_blocked, id=12004, stack(0x000000001c220000,0x000000001c320000)]
  0x0000000019f1f000 JavaThread "Daemon periodic checks" [_thread_blocked, id=2284, stack(0x000000001b620000,0x000000001b720000)]
  0x0000000019f0e800 JavaThread "Incoming local TCP Connector on port 61857" [_thread_in_native, id=9052, stack(0x000000001b3c0000,0x000000001b4c0000)]
  0x000000001821c000 JavaThread "Daemon health stats" [_thread_blocked, id=11396, stack(0x000000001ad80000,0x000000001ae80000)]
  0x0000000018008800 JavaThread "Service Thread" daemon [_thread_blocked, id=4472, stack(0x00000000183e0000,0x00000000184e0000)]
  0x000000001668b800 JavaThread "C1 CompilerThread2" daemon [_thread_blocked, id=16096, stack(0x0000000017ee0000,0x0000000017fe0000)]
  0x0000000016684000 JavaThread "C2 CompilerThread1" daemon [_thread_blocked, id=12416, stack(0x0000000017de0000,0x0000000017ee0000)]
  0x0000000016680800 JavaThread "C2 CompilerThread0" daemon [_thread_blocked, id=2204, stack(0x0000000017ce0000,0x0000000017de0000)]
  0x000000001667c000 JavaThread "Attach Listener" daemon [_thread_blocked, id=13992, stack(0x0000000017be0000,0x0000000017ce0000)]
  0x000000001667b000 JavaThread "Signal Dispatcher" daemon [_thread_blocked, id=14036, stack(0x0000000017ae0000,0x0000000017be0000)]
  0x0000000002d0b000 JavaThread "Finalizer" daemon [_thread_blocked, id=5496, stack(0x00000000178d0000,0x00000000179d0000)]
  0x0000000016669000 JavaThread "Reference Handler" daemon [_thread_blocked, id=6224, stack(0x00000000177d0000,0x00000000178d0000)]
  0x0000000002c0e800 JavaThread "main" [_thread_blocked, id=16580, stack(0x0000000002a70000,0x0000000002b70000)]

Other Threads:
  0x0000000016646000 VMThread [stack: 0x00000000176d0000,0x00000000177d0000] [id=12232]
  0x00000000166dd000 WatcherThread [stack: 0x00000000184e0000,0x00000000185e0000] [id=9252]

=>0x0000000002c2a800 (exited) GCTaskThread [stack: 0x00000000127e0000,0x00000000128e0000] [id=18100]

VM state:at safepoint (normal execution)

VM Mutex/Monitor currently owned by a thread:  ([mutex/lock_event])
[0x0000000002c0dd80] Threads_lock - owner thread: 0x0000000016646000
[0x0000000002c0d880] Heap_lock - owner thread: 0x000000002e8a4800

heap address: 0x00000000a0000000, size: 1536 MB, Compressed Oops mode: 32-bit
Narrow klass base: 0x0000000000000000, Narrow klass shift: 3
Compressed class space size: 1073741824 Address: 0x0000000100000000

Heap:
 PSYoungGen      total 318464K, used 292945K [0x00000000e0000000, 0x00000000f6500000, 0x0000000100000000)
  eden space 272384K, 100% used [0x00000000e0000000,0x00000000f0a00000,0x00000000f0a00000)
  from space 46080K, 44% used [0x00000000f0a00000,0x00000000f1e147a0,0x00000000f3700000)
  to   space 44544K, 53% used [0x00000000f3980000,0x00000000f50f6078,0x00000000f6500000)
 ParOldGen       total 259072K, used 92582K [0x00000000a0000000, 0x00000000afd00000, 0x00000000e0000000)
  object space 259072K, 35% used [0x00000000a0000000,0x00000000a5a69b28,0x00000000afd00000)
 Metaspace       used 96757K, capacity 102594K, committed 102784K, reserved 1138688K
  class space    used 12536K, capacity 13652K, committed 13696K, reserved 1048576K

Card table byte_map: [0x00000000120d0000,0x00000000123e0000] byte_map_base: 0x0000000011bd0000

Marking Bits: (ParMarkBitMap*) 0x000000006e409f30
 Begin Bits: [0x00000000129e0000, 0x00000000141e0000)
 End Bits:   [0x00000000141e0000, 0x00000000159e0000)

Polling page: 0x00000000011f0000

CodeCache: size=245760Kb used=65541Kb max_used=65555Kb free=180218Kb
 bounds [0x0000000002d10000, 0x0000000006d80000, 0x0000000011d10000]
 total_blobs=18954 nmethods=18073 adapters=793
 compilation: enabled

Compilation events (10 events):
Event: 2690.950 Thread 0x0000000016684000 23709   !   4       java.io.ObjectInputStream::readObject (130 bytes)
Event: 2690.951 Thread 0x0000000016680800 23710       4       org.gradle.internal.logging.slf4j.OutputEventListenerBackedLoggerContext::getLogger (69 bytes)
Event: 2690.962 Thread 0x0000000016684000 nmethod 23709 0x0000000005594290 code [0x0000000005594420, 0x00000000055948a8]
Event: 2690.974 Thread 0x0000000016680800 nmethod 23710 0x0000000006d63dd0 code [0x0000000006d63f80, 0x0000000006d64768]
Event: 2691.119 Thread 0x000000001668b800 23711       3       com.android.tools.r8.s.a.a.b.v::a (38 bytes)
Event: 2691.120 Thread 0x000000001668b800 nmethod 23711 0x0000000005593d10 code [0x0000000005593ea0, 0x00000000055941a8]
Event: 2691.120 Thread 0x0000000016684000 23712       4       com.android.tools.r8.s.a.a.b.v::a (34 bytes)
Event: 2691.121 Thread 0x0000000016684000 nmethod 23712 0x0000000005e0a790 code [0x0000000005e0a8c0, 0x0000000005e0a918]
Event: 2691.153 Thread 0x0000000016680800 23713       4       com.android.tools.r8.dex.c$$Lambda$713/1051396359::accept (12 bytes)
Event: 2691.184 Thread 0x0000000016680800 nmethod 23713 0x0000000006d64f10 code [0x0000000006d650e0, 0x0000000006d65df8]

GC Heap History (10 events):
Event: 898.997 GC heap after
Heap after GC invocations=31 (full 4):
 PSYoungGen      total 310272K, used 23801K [0x00000000e0000000, 0x00000000f6380000, 0x0000000100000000)
  eden space 261120K, 0% used [0x00000000e0000000,0x00000000e0000000,0x00000000eff00000)
  from space 49152K, 48% used [0x00000000eff00000,0x00000000f163e4d8,0x00000000f2f00000)
  to   space 47104K, 0% used [0x00000000f3580000,0x00000000f3580000,0x00000000f6380000)
 ParOldGen       total 259072K, used 92542K [0x00000000a0000000, 0x00000000afd00000, 0x00000000e0000000)
  object space 259072K, 35% used [0x00000000a0000000,0x00000000a5a5fb28,0x00000000afd00000)
 Metaspace       used 95599K, capacity 100970K, committed 101120K, reserved 1136640K
  class space    used 12454K, capacity 13510K, committed 13568K, reserved 1048576K
}
Event: 1026.929 GC heap before
{Heap before GC invocations=32 (full 4):
 PSYoungGen      total 310272K, used 282605K [0x00000000e0000000, 0x00000000f6380000, 0x0000000100000000)
  eden space 261120K, 99% used [0x00000000e0000000,0x00000000efcbd2f0,0x00000000eff00000)
  from space 49152K, 48% used [0x00000000eff00000,0x00000000f163e4d8,0x00000000f2f00000)
  to   space 47104K, 0% used [0x00000000f3580000,0x00000000f3580000,0x00000000f6380000)
 ParOldGen       total 259072K, used 92542K [0x00000000a0000000, 0x00000000afd00000, 0x00000000e0000000)
  object space 259072K, 35% used [0x00000000a0000000,0x00000000a5a5fb28,0x00000000afd00000)
 Metaspace       used 96090K, capacity 101828K, committed 102016K, reserved 1138688K
  class space    used 12509K, capacity 13635K, committed 13696K, reserved 1048576K
Event: 1027.009 GC heap after
Heap after GC invocations=32 (full 4):
 PSYoungGen      total 314880K, used 35455K [0x00000000e0000000, 0x00000000f6600000, 0x0000000100000000)
  eden space 267776K, 0% used [0x00000000e0000000,0x00000000e0000000,0x00000000f0580000)
  from space 47104K, 75% used [0x00000000f3580000,0x00000000f581fd78,0x00000000f6380000)
  to   space 49152K, 0% used [0x00000000f0580000,0x00000000f0580000,0x00000000f3580000)
 ParOldGen       total 259072K, used 92550K [0x00000000a0000000, 0x00000000afd00000, 0x00000000e0000000)
  object space 259072K, 35% used [0x00000000a0000000,0x00000000a5a61b28,0x00000000afd00000)
 Metaspace       used 96090K, capacity 101828K, committed 102016K, reserved 1138688K
  class space    used 12509K, capacity 13635K, committed 13696K, reserved 1048576K
}
Event: 1088.743 GC heap before
{Heap before GC invocations=33 (full 4):
 PSYoungGen      total 314880K, used 303231K [0x00000000e0000000, 0x00000000f6600000, 0x0000000100000000)
  eden space 267776K, 100% used [0x00000000e0000000,0x00000000f0580000,0x00000000f0580000)
  from space 47104K, 75% used [0x00000000f3580000,0x00000000f581fd78,0x00000000f6380000)
  to   space 49152K, 0% used [0x00000000f0580000,0x00000000f0580000,0x00000000f3580000)
 ParOldGen       total 259072K, used 92550K [0x00000000a0000000, 0x00000000afd00000, 0x00000000e0000000)
  object space 259072K, 35% used [0x00000000a0000000,0x00000000a5a61b28,0x00000000afd00000)
 Metaspace       used 96230K, capacity 102036K, committed 102272K, reserved 1138688K
  class space    used 12516K, capacity 13647K, committed 13696K, reserved 1048576K
Event: 1088.774 GC heap after
Heap after GC invocations=33 (full 4):
 PSYoungGen      total 316928K, used 27024K [0x00000000e0000000, 0x00000000f6880000, 0x0000000100000000)
  eden space 267776K, 0% used [0x00000000e0000000,0x00000000e0000000,0x00000000f0580000)
  from space 49152K, 54% used [0x00000000f0580000,0x00000000f1fe4248,0x00000000f3580000)
  to   space 47616K, 0% used [0x00000000f3a00000,0x00000000f3a00000,0x00000000f6880000)
 ParOldGen       total 259072K, used 92558K [0x00000000a0000000, 0x00000000afd00000, 0x00000000e0000000)
  object space 259072K, 35% used [0x00000000a0000000,0x00000000a5a63b28,0x00000000afd00000)
 Metaspace       used 96230K, capacity 102036K, committed 102272K, reserved 1138688K
  class space    used 12516K, capacity 13647K, committed 13696K, reserved 1048576K
}
Event: 2527.313 GC heap before
{Heap before GC invocations=34 (full 4):
 PSYoungGen      total 316928K, used 294800K [0x00000000e0000000, 0x00000000f6880000, 0x0000000100000000)
  eden space 267776K, 100% used [0x00000000e0000000,0x00000000f0580000,0x00000000f0580000)
  from space 49152K, 54% used [0x00000000f0580000,0x00000000f1fe4248,0x00000000f3580000)
  to   space 47616K, 0% used [0x00000000f3a00000,0x00000000f3a00000,0x00000000f6880000)
 ParOldGen       total 259072K, used 92558K [0x00000000a0000000, 0x00000000afd00000, 0x00000000e0000000)
  object space 259072K, 35% used [0x00000000a0000000,0x00000000a5a63b28,0x00000000afd00000)
 Metaspace       used 96389K, capacity 102188K, committed 102272K, reserved 1138688K
  class space    used 12518K, capacity 13651K, committed 13696K, reserved 1048576K
Event: 2527.341 GC heap after
Heap after GC invocations=34 (full 4):
 PSYoungGen      total 315392K, used 19280K [0x00000000e0000000, 0x00000000f6400000, 0x0000000100000000)
  eden space 272384K, 0% used [0x00000000e0000000,0x00000000e0000000,0x00000000f0a00000)
  from space 43008K, 44% used [0x00000000f3a00000,0x00000000f4cd4238,0x00000000f6400000)
  to   space 46080K, 0% used [0x00000000f0a00000,0x00000000f0a00000,0x00000000f3700000)
 ParOldGen       total 259072K, used 92566K [0x00000000a0000000, 0x00000000afd00000, 0x00000000e0000000)
  object space 259072K, 35% used [0x00000000a0000000,0x00000000a5a65b28,0x00000000afd00000)
 Metaspace       used 96389K, capacity 102188K, committed 102272K, reserved 1138688K
  class space    used 12518K, capacity 13651K, committed 13696K, reserved 1048576K
}
Event: 2683.579 GC heap before
{Heap before GC invocations=35 (full 4):
 PSYoungGen      total 315392K, used 291664K [0x00000000e0000000, 0x00000000f6400000, 0x0000000100000000)
  eden space 272384K, 100% used [0x00000000e0000000,0x00000000f0a00000,0x00000000f0a00000)
  from space 43008K, 44% used [0x00000000f3a00000,0x00000000f4cd4238,0x00000000f6400000)
  to   space 46080K, 0% used [0x00000000f0a00000,0x00000000f0a00000,0x00000000f3700000)
 ParOldGen       total 259072K, used 92566K [0x00000000a0000000, 0x00000000afd00000, 0x00000000e0000000)
  object space 259072K, 35% used [0x00000000a0000000,0x00000000a5a65b28,0x00000000afd00000)
 Metaspace       used 96549K, capacity 102390K, committed 102528K, reserved 1138688K
  class space    used 12525K, capacity 13652K, committed 13696K, reserved 1048576K
Event: 2683.628 GC heap after
Heap after GC invocations=35 (full 4):
 PSYoungGen      total 318464K, used 20561K [0x00000000e0000000, 0x00000000f6500000, 0x0000000100000000)
  eden space 272384K, 0% used [0x00000000e0000000,0x00000000e0000000,0x00000000f0a00000)
  from space 46080K, 44% used [0x00000000f0a00000,0x00000000f1e147a0,0x00000000f3700000)
  to   space 44544K, 0% used [0x00000000f3980000,0x00000000f3980000,0x00000000f6500000)
 ParOldGen       total 259072K, used 92574K [0x00000000a0000000, 0x00000000afd00000, 0x00000000e0000000)
  object space 259072K, 35% used [0x00000000a0000000,0x00000000a5a67b28,0x00000000afd00000)
 Metaspace       used 96549K, capacity 102390K, committed 102528K, reserved 1138688K
  class space    used 12525K, capacity 13652K, committed 13696K, reserved 1048576K
}
Event: 2691.186 GC heap before
{Heap before GC invocations=36 (full 4):
 PSYoungGen      total 318464K, used 292945K [0x00000000e0000000, 0x00000000f6500000, 0x0000000100000000)
  eden space 272384K, 100% used [0x00000000e0000000,0x00000000f0a00000,0x00000000f0a00000)
  from space 46080K, 44% used [0x00000000f0a00000,0x00000000f1e147a0,0x00000000f3700000)
  to   space 44544K, 0% used [0x00000000f3980000,0x00000000f3980000,0x00000000f6500000)
 ParOldGen       total 259072K, used 92574K [0x00000000a0000000, 0x00000000afd00000, 0x00000000e0000000)
  object space 259072K, 35% used [0x00000000a0000000,0x00000000a5a67b28,0x00000000afd00000)
 Metaspace       used 96757K, capacity 102594K, committed 102784K, reserved 1138688K
  class space    used 12536K, capacity 13652K, committed 13696K, reserved 1048576K

Deoptimization events (10 events):
Event: 2689.324 Thread 0x000000002e89a000 Uncommon trap: reason=class_check action=maybe_recompile pc=0x0000000004fab9fc method=com.sun.tools.javac.code.Types$4.visitType(Lcom/sun/tools/javac/code/Type;Lcom/sun/tools/javac/code/Type;)Ljava/lang/Boolean; @ 159
Event: 2689.328 Thread 0x000000002e89a000 Uncommon trap: reason=unstable_if action=reinterpret pc=0x00000000062402a0 method=com.sun.tools.javac.comp.Resolve.isAccessible(Lcom/sun/tools/javac/comp/Env;Lcom/sun/tools/javac/code/Type;Lcom/sun/tools/javac/code/Symbol;Z)Z @ 141
Event: 2689.344 Thread 0x000000002e89a000 Uncommon trap: reason=unstable_if action=reinterpret pc=0x00000000055124d4 method=com.sun.tools.javac.code.Symbol$MethodSymbol.getKind()Ljavax/lang/model/element/ElementKind; @ 41
Event: 2690.723 Thread 0x000000002e89b000 Uncommon trap: reason=unstable_if action=reinterpret pc=0x00000000068b06c8 method=com.android.tools.r8.u.a.h.e.b(Lcom/android/tools/r8/u/b/d0;)V @ 119
Event: 2690.740 Thread 0x000000002e89b000 Uncommon trap: reason=class_check action=maybe_recompile pc=0x0000000005f6fe7c method=com.android.tools.r8.u.b.e0.b()Lcom/android/tools/r8/u/b/d0; @ 3
Event: 2690.740 Thread 0x000000002e89b000 Uncommon trap: reason=class_check action=maybe_recompile pc=0x0000000005f6fe7c method=com.android.tools.r8.u.b.e0.b()Lcom/android/tools/r8/u/b/d0; @ 3
Event: 2690.740 Thread 0x000000002e89b000 Uncommon trap: reason=class_check action=maybe_recompile pc=0x0000000005f6fe7c method=com.android.tools.r8.u.b.e0.b()Lcom/android/tools/r8/u/b/d0; @ 3
Event: 2690.740 Thread 0x000000002e89b000 Uncommon trap: reason=class_check action=maybe_recompile pc=0x0000000005f6fe7c method=com.android.tools.r8.u.b.e0.b()Lcom/android/tools/r8/u/b/d0; @ 3
Event: 2690.761 Thread 0x000000002e89b000 Uncommon trap: reason=unstable_if action=reinterpret pc=0x00000000065045a8 method=com.android.tools.r8.v.a.a.a.c.c(J)J @ 3
Event: 2690.761 Thread 0x000000002e89b000 Uncommon trap: reason=unstable_if action=reinterpret pc=0x000000000531ee04 method=com.android.tools.r8.v.a.a.a.c.c(J)J @ 3

Classes redefined (0 events):
No events

Internal exceptions (10 events):
Event: 2527.872 Thread 0x000000002e8a1000 Implicit null exception at 0x00000000045d3424 to 0x00000000045d3925
Event: 2534.786 Thread 0x0000000018625000 Exception <a 'java/lang/reflect/InvocationTargetException'> (0x00000000ec8f0f28) thrown at [D:\src\AOSP-openjdk-cygwin\jdk8u\hotspot\src\share\vm\runtime\reflection.cpp, line 1092]
Event: 2534.856 Thread 0x000000002e8a1000 Exception <a 'sun/nio/fs/WindowsException'> (0x00000000e82c6318) thrown at [D:\src\AOSP-openjdk-cygwin\jdk8u\hotspot\src\share\vm\prims\jni.cpp, line 710]
Event: 2690.570 Thread 0x000000002e89b000 Exception <a 'sun/nio/fs/WindowsException'> (0x00000000ee05b208) thrown at [D:\src\AOSP-openjdk-cygwin\jdk8u\hotspot\src\share\vm\prims\jni.cpp, line 710]
Event: 2690.822 Thread 0x000000002e89b000 Exception <a 'sun/nio/fs/WindowsException'> (0x00000000ee5178d0) thrown at [D:\src\AOSP-openjdk-cygwin\jdk8u\hotspot\src\share\vm\prims\jni.cpp, line 710]
Event: 2690.834 Thread 0x000000002e89b000 Exception <a 'sun/nio/fs/WindowsException'> (0x00000000ee522e78) thrown at [D:\src\AOSP-openjdk-cygwin\jdk8u\hotspot\src\share\vm\prims\jni.cpp, line 710]
Event: 2690.836 Thread 0x000000002e89b000 Exception <a 'sun/nio/fs/WindowsException'> (0x00000000ee52a1f0) thrown at [D:\src\AOSP-openjdk-cygwin\jdk8u\hotspot\src\share\vm\prims\jni.cpp, line 710]
Event: 2690.838 Thread 0x000000002e89b000 Exception <a 'sun/nio/fs/WindowsException'> (0x00000000ee536308) thrown at [D:\src\AOSP-openjdk-cygwin\jdk8u\hotspot\src\share\vm\prims\jni.cpp, line 710]
Event: 2690.843 Thread 0x000000002e89b000 Exception <a 'sun/nio/fs/WindowsException'> (0x00000000ee547fd0) thrown at [D:\src\AOSP-openjdk-cygwin\jdk8u\hotspot\src\share\vm\prims\jni.cpp, line 710]
Event: 2691.118 Thread 0x000000002e89b800 Exception <a 'sun/nio/fs/WindowsException'> (0x00000000ef537f88) thrown at [D:\src\AOSP-openjdk-cygwin\jdk8u\hotspot\src\share\vm\prims\jni.cpp, line 710]

Events (10 events):
Event: 2690.949 Thread 0x000000002e8a4000 Thread added: 0x000000002e8a4000
Event: 2690.951 Executing VM operation: RevokeBias
Event: 2690.951 Executing VM operation: RevokeBias done
Event: 2690.975 Thread 0x0000000016680800 flushing nmethod 0x0000000003b6bfd0
Event: 2691.041 Executing VM operation: BulkRevokeBias
Event: 2691.042 Executing VM operation: BulkRevokeBias done
Event: 2691.185 Thread 0x000000002e89d000 Thread added: 0x000000002e89d000
Event: 2691.185 Thread 0x000000002e8a4800 Thread added: 0x000000002e8a4800
Event: 2691.185 Thread 0x000000002e8a5800 Thread added: 0x000000002e8a5800
Event: 2691.185 Executing VM operation: ParallelGCFailedAllocation


Dynamic libraries:
0x00007ff7a44a0000 - 0x00007ff7a44d1000 	C:\Program Files\Android\Android Studio\jre\bin\java.exe
0x00007ffd73c00000 - 0x00007ffd73df0000 	C:\Windows\SYSTEM32\ntdll.dll
0x00007ffd50c50000 - 0x00007ffd50c62000 	C:\Program Files\Avast Software\Avast\aswhook.dll
0x00007ffd72f40000 - 0x00007ffd72ff2000 	C:\Windows\System32\KERNEL32.DLL
0x00007ffd70ca0000 - 0x00007ffd70f43000 	C:\Windows\System32\KERNELBASE.dll
0x00007ffd733f0000 - 0x00007ffd73493000 	C:\Windows\System32\ADVAPI32.dll
0x00007ffd72df0000 - 0x00007ffd72e8e000 	C:\Windows\System32\msvcrt.dll
0x00007ffd73ab0000 - 0x00007ffd73b47000 	C:\Windows\System32\sechost.dll
0x00007ffd73060000 - 0x00007ffd73180000 	C:\Windows\System32\RPCRT4.dll
0x00007ffd72010000 - 0x00007ffd721a4000 	C:\Windows\System32\USER32.dll
0x00007ffd70f50000 - 0x00007ffd70f71000 	C:\Windows\System32\win32u.dll
0x00007ffd733c0000 - 0x00007ffd733e6000 	C:\Windows\System32\GDI32.dll
0x00007ffd719f0000 - 0x00007ffd71b84000 	C:\Windows\System32\gdi32full.dll
0x00007ffd70fd0000 - 0x00007ffd7106e000 	C:\Windows\System32\msvcp_win.dll
0x00007ffd71bb0000 - 0x00007ffd71caa000 	C:\Windows\System32\ucrtbase.dll
0x00007ffd6ffd0000 - 0x00007ffd70255000 	C:\Windows\WinSxS\amd64_microsoft.windows.common-controls_6595b64144ccf1df_6.0.18362.778_none_e6c6b761130d4fb8\COMCTL32.dll
0x00007ffd72ab0000 - 0x00007ffd72de6000 	C:\Windows\System32\combase.dll
0x00007ffd70bc0000 - 0x00007ffd70c40000 	C:\Windows\System32\bcryptPrimitives.dll
0x00007ffd72390000 - 0x00007ffd723be000 	C:\Windows\System32\IMM32.DLL
0x000000006e9a0000 - 0x000000006ea72000 	C:\Program Files\Android\Android Studio\jre\jre\bin\msvcr100.dll
0x000000006dc40000 - 0x000000006e486000 	C:\Program Files\Android\Android Studio\jre\jre\bin\server\jvm.dll
0x00007ffd72000000 - 0x00007ffd72008000 	C:\Windows\System32\PSAPI.DLL
0x00007ffd5dc00000 - 0x00007ffd5dc09000 	C:\Windows\SYSTEM32\WSOCK32.dll
0x00007ffd73b50000 - 0x00007ffd73bbf000 	C:\Windows\System32\WS2_32.dll
0x00007ffd6ddf0000 - 0x00007ffd6de14000 	C:\Windows\SYSTEM32\WINMM.dll
0x00007ffd6b2d0000 - 0x00007ffd6b2da000 	C:\Windows\SYSTEM32\VERSION.dll
0x00007ffd6dd70000 - 0x00007ffd6dd9d000 	C:\Windows\SYSTEM32\WINMMBASE.dll
0x00007ffd70f80000 - 0x00007ffd70fca000 	C:\Windows\System32\cfgmgr32.dll
0x00007ffd5f3d0000 - 0x00007ffd5f3df000 	C:\Program Files\Android\Android Studio\jre\jre\bin\verify.dll
0x00007ffd5f380000 - 0x00007ffd5f3a9000 	C:\Program Files\Android\Android Studio\jre\jre\bin\java.dll
0x00007ffd5f170000 - 0x00007ffd5f186000 	C:\Program Files\Android\Android Studio\jre\jre\bin\zip.dll
0x00007ffd723c0000 - 0x00007ffd72aa5000 	C:\Windows\System32\SHELL32.dll
0x00007ffd72e90000 - 0x00007ffd72f39000 	C:\Windows\System32\shcore.dll
0x00007ffd71070000 - 0x00007ffd717f0000 	C:\Windows\System32\windows.storage.dll
0x00007ffd70b10000 - 0x00007ffd70b33000 	C:\Windows\System32\profapi.dll
0x00007ffd70b40000 - 0x00007ffd70b8a000 	C:\Windows\System32\powrprof.dll
0x00007ffd70ac0000 - 0x00007ffd70ad0000 	C:\Windows\System32\UMPDC.dll
0x00007ffd71f10000 - 0x00007ffd71f62000 	C:\Windows\System32\shlwapi.dll
0x00007ffd70ad0000 - 0x00007ffd70ae1000 	C:\Windows\System32\kernel.appcore.dll
0x00007ffd71b90000 - 0x00007ffd71ba7000 	C:\Windows\System32\cryptsp.dll
0x00007ffd703a0000 - 0x00007ffd703ba000 	C:\Program Files\Android\Android Studio\jre\jre\bin\net.dll
0x00007ffd600d0000 - 0x00007ffd602a5000 	C:\Windows\SYSTEM32\urlmon.dll
0x00007ffd630c0000 - 0x00007ffd63366000 	C:\Windows\SYSTEM32\iertutil.dll
0x00007ffd6fe80000 - 0x00007ffd6fe8c000 	C:\Windows\SYSTEM32\CRYPTBASE.DLL
0x00007ffd6fcb0000 - 0x00007ffd6fd17000 	C:\Windows\system32\mswsock.dll
0x00007ffd5f7d0000 - 0x00007ffd5f7e3000 	C:\Program Files\Android\Android Studio\jre\jre\bin\nio.dll
0x00007ffd5f2c0000 - 0x00007ffd5f2e6000 	C:\Users\rickn\.gradle\native\30\windows-amd64\native-platform.dll
0x00007ffd6c770000 - 0x00007ffd6c77d000 	C:\Program Files\Android\Android Studio\jre\jre\bin\management.dll
0x00007ffd6f7c0000 - 0x00007ffd6f7f3000 	C:\Windows\system32\rsaenh.dll
0x00007ffd70b90000 - 0x00007ffd70bb6000 	C:\Windows\System32\bcrypt.dll
0x00007ffd709e0000 - 0x00007ffd70a05000 	C:\Windows\SYSTEM32\USERENV.dll
0x00007ffd6f9c0000 - 0x00007ffd6f9fa000 	C:\Windows\SYSTEM32\IPHLPAPI.DLL
0x00007ffd733b0000 - 0x00007ffd733b8000 	C:\Windows\System32\NSI.dll
0x00007ffd5fd50000 - 0x00007ffd5fd66000 	C:\Windows\SYSTEM32\dhcpcsvc6.DLL
0x00007ffd5fb20000 - 0x00007ffd5fb3c000 	C:\Windows\SYSTEM32\dhcpcsvc.DLL
0x00007ffd6fa00000 - 0x00007ffd6faca000 	C:\Windows\SYSTEM32\DNSAPI.dll
0x00007ffd705e0000 - 0x00007ffd707d4000 	C:\Windows\SYSTEM32\dbghelp.dll

VM Arguments:
jvm_args: -Xmx1536m -Dfile.encoding=windows-1252 -Duser.country=BR -Duser.language=pt -Duser.variant 
java_command: org.gradle.launcher.daemon.bootstrap.GradleDaemon 5.6.4
java_class_path (initial): C:\Users\rickn\.gradle\wrapper\dists\gradle-5.6.4-all\ankdp27end7byghfw1q2sw75f\gradle-5.6.4\lib\gradle-launcher-5.6.4.jar
Launcher Type: SUN_STANDARD

Environment Variables:
JAVA_HOME=C:\Program Files\OpenJDK\openjdk-8u262-b10
CLASSPATH=.;
PATH=C:\Python27\;C:\Python27\Scripts;C:\ProgramData\Oracle\Java\javapath;C:\Windows\system32;C:\Windows;C:\Windows\System32\Wbem;C:\Windows\System32\WindowsPowerShell\v1.0\;C:\Windows\System32\OpenSSH\;C:\Program Files\PuTTY\;C:\Program Files\Git\cmd;C:\Program Files (x86)\GtkSharp\2.12\bin;C:\ProgramData\chocolatey\bin;C:\Program Files\nodejs\;C:\Program Files\Java\jdk1.8.0_211\bin;C:\users\rickn\AppData\local\Android\sdk\platform-tools;C:\Program Files\OpenJDK\openjdk-8u262-b10\bin;C:\Program Files (x86)\Yarn\bin\;C:\src\flutter\bin;C:\Program Files\MariaDB 10.5\bin;C:\Users\rickn\AppData\Local\Microsoft\WindowsApps;C:\Users\rickn\AppData\Local\Programs\Microsoft VS Code\bin;C:\php;C:\mariadb-10.5.2-winx64\bin;C:\Users\rickn\AppData\Roaming\npm;C:\Program Files\nodejs\;C:\Users\rickn\AppData\Local\hyper\app-3.0.2\resources\bin;C:\Users\rickn\AppData\Local\Android\Sdk\platform-tools;C:\Users\rickn\AppData\Local\Yarn\bin;C:\Program Files\MariaDB 10.5\bin;
USERNAME=rickn
OS=Windows_NT
PROCESSOR_IDENTIFIER=Intel64 Family 6 Model 78 Stepping 3, GenuineIntel



---------------  S Y S T E M  ---------------

OS: Windows 10.0 , 64 bit Build 18362 (10.0.18362.778)

CPU:total 4 (initial active 4) (2 cores per cpu, 2 threads per core) family 6 model 78 stepping 3, cmov, cx8, fxsr, mmx, sse, sse2, sse3, ssse3, sse4.1, sse4.2, popcnt, avx, avx2, aes, clmul, erms, rtm, 3dnowpref, lzcnt, ht, tsc, tscinvbit, bmi1, bmi2, adx

Memory: 4k page, physical 8292256k(1659708k free), swap 12748704k(1725384k free)

vm_info: OpenJDK 64-Bit Server VM (25.212-b04) for windows-amd64 JRE (1.8.0_212-release-1586-b04), built by "builder" with MS VC++ 10.0 (VS2010)

time: Sat Nov 14 20:06:16 2020
timezone: Hora Padrão de Buenos Aires
elapsed time: 2691 seconds (0d 0h 44m 51s)

