#
# A fatal error has been detected by the Java Runtime Environment:
#
#  EXCEPTION_ACCESS_VIOLATION (0xc0000005) at pc=0x000000005c2fb4a0, pid=15388, tid=0x00000000000027e0
#
# JRE version: OpenJDK Runtime Environment (8.0_212-b04) (build 1.8.0_212-release-1586-b04)
# Java VM: OpenJDK 64-Bit Server VM (25.212-b04 mixed mode windows-amd64 compressed oops)
# Problematic frame:
# V  [jvm.dll+0x8b4a0]
#
# Failed to write core dump. Minidumps are not enabled by default on client versions of Windows
#
# If you would like to submit a bug report, please visit:
#   
#

---------------  T H R E A D  ---------------

Current thread (0x0000000002a89000):  GCTaskThread [stack: 0x0000000012540000,0x0000000012640000] [id=10208]

siginfo: ExceptionCode=0xc0000005, reading address 0x0000000000000090

Registers:
RAX=0x0000000000000001, RBX=0x00000000f1761360, RCX=0x00000000f1761360, RDX=0x0000000000000088
RSP=0x000000001263f5c8, RBP=0x0000000011f34101, RSI=0x0000000002b5b880, RDI=0x00000000a081b020
R8 =0x0000000002b5b880, R9 =0x0000000000000019, R10=0x000000000000000c, R11=0x000000000000000c
R12=0x0000000011f340d4, R13=0xf176132020009f45, R14=0x0000000000000000, R15=0x0000000002a82990
RIP=0x000000005c2fb4a0, EFLAGS=0x0000000000010206

Top of Stack: (sp=0x000000001263f5c8)
0x000000001263f5c8:   000000005c63eb82 00000000f1761310
0x000000001263f5d8:   0000000000000002 0000000002b5b880
0x000000001263f5e8:   00000000f1b98561 00000000ef083290
0x000000001263f5f8:   000000005c63f2cb 00000000a4bbe380
0x000000001263f608:   0000000000000400 0000000000000000
0x000000001263f618:   0000000002b5b800 0000000011f340d4
0x000000001263f628:   000000005c63eef0 00000000a4bbf794
0x000000001263f638:   0000000011f34101 0000000002b5b880
0x000000001263f648:   00000000a081b020 00000000a4bbf794
0x000000001263f658:   000000005c63fa95 00000000f16ff040
0x000000001263f668:   0000000011f34101 0000000002b5b880
0x000000001263f678:   0000000000000002 0000000002b5b880
0x000000001263f688:   0000000002a7e000 00000000a06df464
0x000000001263f698:   000000005c35f8a7 0000000002b5b880
0x000000001263f6a8:   000000005c35df83 00000000a081abc9
0x000000001263f6b8:   00000000a081abc9 00000000a081afe4 

Instructions: (pc=0x000000005c2fb4a0)
0x000000005c2fb480:   1c 60 1d 00 48 8b 9c 24 c0 00 00 00 48 81 c4 b0
0x000000005c2fb490:   00 00 00 5d c3 cc cc cc cc cc cc cc cc cc cc cc
0x000000005c2fb4a0:   44 8b 42 08 4c 8b ca 45 85 c0 7e 0e 41 f6 c0 01
0x000000005c2fb4b0:   75 57 41 c1 f8 03 41 8b c0 c3 79 4d 80 3d ae 49 


Register to memory mapping:

RAX=0x0000000000000001 is an unknown value
RBX=0x00000000f1761360 is an oop

[error occurred during error reporting (printing register info), id 0xc0000005]

Stack: [0x0000000012540000,0x0000000012640000],  sp=0x000000001263f5c8,  free space=1021k
Native frames: (J=compiled Java code, j=interpreted, Vv=VM code, C=native code)
V  [jvm.dll+0x8b4a0]


---------------  P R O C E S S  ---------------

Java Threads: ( => current thread )
  0x000000001f397000 JavaThread "Cache worker for Java compile cache (C:\Users\rickn\AndroidStudioProjects\MF-service\.gradle\5.6.4\javaCompile)" [_thread_blocked, id=8304, stack(0x000000002e740000,0x000000002e840000)]
  0x000000001f38f000 JavaThread "Cache worker for Java compile cache (C:\Users\rickn\.gradle\caches\5.6.4\javaCompile)" [_thread_blocked, id=15284, stack(0x000000002e640000,0x000000002e740000)]
  0x000000001f392800 JavaThread "WorkerExecutor Queue Thread 2" [_thread_blocked, id=5520, stack(0x0000000025270000,0x0000000025370000)]
  0x000000001f395800 JavaThread "stdout" [_thread_in_native, id=12804, stack(0x00000000254f0000,0x00000000255f0000)]
  0x000000001f391000 JavaThread "stderr" [_thread_in_native, id=7880, stack(0x00000000253f0000,0x00000000254f0000)]
  0x000000001f396800 JavaThread "pool-4-thread-1" [_thread_blocked, id=844, stack(0x0000000025170000,0x0000000025270000)]
  0x000000001f393800 JavaThread "WorkerExecutor Queue" [_thread_blocked, id=2352, stack(0x0000000025070000,0x0000000025170000)]
  0x000000001f38b000 JavaThread "Cache worker for execution history cache (C:\Users\rickn\AndroidStudioProjects\MF-service\.gradle\5.6.4\executionHistory)" [_thread_blocked, id=11204, stack(0x0000000024a20000,0x0000000024b20000)]
  0x000000001f389800 JavaThread "Execution worker for ':' Thread 3" [_thread_blocked, id=916, stack(0x0000000024d70000,0x0000000024e70000)]
  0x000000001f389000 JavaThread "Execution worker for ':' Thread 2" [_thread_blocked, id=15340, stack(0x0000000024c70000,0x0000000024d70000)]
  0x000000001f38c000 JavaThread "Execution worker for ':'" [_thread_blocked, id=11588, stack(0x0000000024b70000,0x0000000024c70000)]
  0x00000000191c9800 JavaThread "Cache worker for file content cache (C:\Users\rickn\AndroidStudioProjects\MF-service\.gradle\5.6.4\fileContent)" [_thread_blocked, id=14904, stack(0x0000000024920000,0x0000000024a20000)]
  0x00000000191ce000 JavaThread "Cache worker for file content cache (C:\Users\rickn\.gradle\caches\5.6.4\fileContent)" [_thread_blocked, id=14392, stack(0x0000000024820000,0x0000000024920000)]
  0x00000000191c8000 JavaThread "Cache worker for Build Output Cleanup Cache (C:\Users\rickn\AndroidStudioProjects\MF-service\.gradle\buildOutputCleanup)" [_thread_blocked, id=15972, stack(0x0000000024720000,0x0000000024820000)]
  0x000000001a26a800 JavaThread "Build operations Thread 4" [_thread_blocked, id=8808, stack(0x00000000243e0000,0x00000000244e0000)]
  0x000000001a270800 JavaThread "Build operations Thread 3" [_thread_blocked, id=13664, stack(0x0000000023c10000,0x0000000023d10000)]
  0x000000001a26f000 JavaThread "Build operations Thread 2" [_thread_blocked, id=3148, stack(0x00000000237b0000,0x00000000238b0000)]
  0x000000001a26e000 JavaThread "Build operations" [_thread_blocked, id=13124, stack(0x0000000022830000,0x0000000022930000)]
  0x000000001a26f800 JavaThread "Cache worker for cache directory md-rule (C:\Users\rickn\.gradle\caches\5.6.4\md-rule)" [_thread_blocked, id=13836, stack(0x0000000022130000,0x0000000022230000)]
  0x000000001a26d800 JavaThread "Cache worker for cache directory md-supplier (C:\Users\rickn\.gradle\caches\5.6.4\md-supplier)" [_thread_blocked, id=4204, stack(0x0000000022030000,0x0000000022130000)]
  0x000000001a26c800 JavaThread "Cache worker for file hash cache (C:\Users\rickn\AndroidStudioProjects\MF-service\.gradle\5.6.4\fileHashes)" [_thread_blocked, id=15624, stack(0x0000000020c70000,0x0000000020d70000)]
  0x000000001a263000 JavaThread "Thread-28" [_thread_blocked, id=4052, stack(0x0000000020b70000,0x0000000020c70000)]
  0x000000001a269000 JavaThread "Stdin handler" [_thread_blocked, id=6616, stack(0x0000000020170000,0x0000000020270000)]
  0x000000001a268000 JavaThread "Asynchronous log dispatcher for DefaultDaemonConnection: socket connection from /127.0.0.1:56680 to /127.0.0.1:56753" [_thread_blocked, id=15064, stack(0x0000000020070000,0x0000000020170000)]
  0x000000001a263800 JavaThread "Daemon worker Thread 2" [_thread_blocked, id=8836, stack(0x000000001f8c0000,0x000000001f9c0000)]
  0x000000001a266000 JavaThread "Cancel handler" [_thread_blocked, id=14872, stack(0x000000001bda0000,0x000000001bea0000)]
  0x000000001a267800 JavaThread "Handler for socket connection from /127.0.0.1:56680 to /127.0.0.1:56753" [_thread_in_native, id=1720, stack(0x000000001baa0000,0x000000001bba0000)]
  0x000000001a265000 JavaThread "Daemon Thread 2" [_thread_blocked, id=2856, stack(0x000000001b9a0000,0x000000001baa0000)]
  0x000000001a269800 JavaThread "Memory manager" [_thread_blocked, id=2168, stack(0x0000000023910000,0x0000000023a10000)]
  0x00000000191cb800 JavaThread "Cache worker for execution history cache (C:\Users\rickn\.gradle\caches\5.6.4\executionHistory)" [_thread_blocked, id=16060, stack(0x0000000020270000,0x0000000020370000)]
  0x00000000191c8800 JavaThread "Cache worker for journal cache (C:\Users\rickn\.gradle\caches\journal-1)" [_thread_blocked, id=12268, stack(0x000000001c2a0000,0x000000001c3a0000)]
  0x00000000191c7000 JavaThread "File lock request listener" [_thread_in_native, id=7856, stack(0x000000001c1a0000,0x000000001c2a0000)]
  0x0000000018dd4800 JavaThread "Cache worker for file hash cache (C:\Users\rickn\.gradle\caches\5.6.4\fileHashes)" [_thread_blocked, id=11168, stack(0x000000001c0a0000,0x000000001c1a0000)]
  0x00000000196d8800 JavaThread "Daemon periodic checks" [_thread_blocked, id=12236, stack(0x000000001b4a0000,0x000000001b5a0000)]
  0x0000000018aba800 JavaThread "Incoming local TCP Connector on port 56680" [_thread_in_native, id=11648, stack(0x000000001b240000,0x000000001b340000)]
  0x0000000018661000 JavaThread "Daemon health stats" [_thread_blocked, id=11068, stack(0x000000001ac00000,0x000000001ad00000)]
  0x0000000017e89000 JavaThread "Service Thread" daemon [_thread_blocked, id=13964, stack(0x0000000018260000,0x0000000018360000)]
  0x00000000164ed000 JavaThread "C1 CompilerThread2" daemon [_thread_blocked, id=10808, stack(0x0000000017d60000,0x0000000017e60000)]
  0x00000000164e3000 JavaThread "C2 CompilerThread1" daemon [_thread_blocked, id=12344, stack(0x0000000017c60000,0x0000000017d60000)]
  0x00000000164e9800 JavaThread "C2 CompilerThread0" daemon [_thread_blocked, id=14612, stack(0x0000000017b60000,0x0000000017c60000)]
  0x00000000164e7000 JavaThread "Attach Listener" daemon [_thread_blocked, id=3288, stack(0x0000000017a60000,0x0000000017b60000)]
  0x00000000164e6000 JavaThread "Signal Dispatcher" daemon [_thread_blocked, id=10836, stack(0x0000000017960000,0x0000000017a60000)]
  0x0000000002b6b000 JavaThread "Finalizer" daemon [_thread_blocked, id=11900, stack(0x0000000017750000,0x0000000017850000)]
  0x00000000164c9000 JavaThread "Reference Handler" daemon [_thread_blocked, id=5936, stack(0x0000000017650000,0x0000000017750000)]
  0x0000000002a6e800 JavaThread "main" [_thread_blocked, id=10468, stack(0x0000000002910000,0x0000000002a10000)]

Other Threads:
  0x00000000164a6000 VMThread [stack: 0x0000000017550000,0x0000000017650000] [id=6740]
  0x0000000017e8a000 WatcherThread [stack: 0x0000000018360000,0x0000000018460000] [id=10168]

=>0x0000000002a89000 (exited) GCTaskThread [stack: 0x0000000012540000,0x0000000012640000] [id=10208]

VM state:at safepoint (normal execution)

VM Mutex/Monitor currently owned by a thread:  ([mutex/lock_event])
[0x0000000002a6d690] Threads_lock - owner thread: 0x00000000164a6000
[0x0000000002a6d890] Heap_lock - owner thread: 0x000000001a263800

heap address: 0x00000000a0000000, size: 1536 MB, Compressed Oops mode: 32-bit
Narrow klass base: 0x0000000000000000, Narrow klass shift: 3
Compressed class space size: 1073741824 Address: 0x0000000100000000

Heap:
 PSYoungGen      total 263168K, used 263164K [0x00000000e0000000, 0x00000000f2780000, 0x0000000100000000)
  eden space 238080K, 100% used [0x00000000e0000000,0x00000000ee880000,0x00000000ee880000)
  from space 25088K, 99% used [0x00000000f0600000,0x00000000f1e7f080,0x00000000f1e80000)
  to   space 30208K, 73% used [0x00000000ee880000,0x00000000efe4d798,0x00000000f0600000)
 ParOldGen       total 137216K, used 83686K [0x00000000a0000000, 0x00000000a8600000, 0x00000000e0000000)
  object space 137216K, 61% used [0x00000000a0000000,0x00000000a51bd910,0x00000000a8600000)
 Metaspace       used 85973K, capacity 89490K, committed 89600K, reserved 1126400K
  class space    used 11137K, capacity 11942K, committed 12032K, reserved 1048576K

Card table byte_map: [0x0000000011f30000,0x0000000012240000] byte_map_base: 0x0000000011a30000

Marking Bits: (ParMarkBitMap*) 0x000000005ca39f30
 Begin Bits: [0x0000000012840000, 0x0000000014040000)
 End Bits:   [0x0000000014040000, 0x0000000015840000)

Polling page: 0x0000000000fe0000

CodeCache: size=245760Kb used=40189Kb max_used=40189Kb free=205570Kb
 bounds [0x0000000002b70000, 0x00000000052e0000, 0x0000000011b70000]
 total_blobs=12934 nmethods=12064 adapters=782
 compilation: enabled

Compilation events (10 events):
Event: 628.229 Thread 0x00000000164ed000 nmethod 14181 0x00000000052cc750 code [0x00000000052cc8a0, 0x00000000052cc9d0]
Event: 628.229 Thread 0x00000000164ed000 14182       3       com.sun.tools.javac.comp.Check::checkTransparentVar (108 bytes)
Event: 628.230 Thread 0x00000000164ed000 nmethod 14182 0x00000000052cbe10 code [0x00000000052cbfc0, 0x00000000052cc4f8]
Event: 628.230 Thread 0x00000000164ed000 14179       3       com.sun.tools.javac.comp.MemberEnter::methodEnv (133 bytes)
Event: 628.231 Thread 0x00000000164ed000 nmethod 14179 0x00000000052d8c90 code [0x00000000052d8ec0, 0x00000000052d9cc8]
Event: 628.231 Thread 0x00000000164ed000 14183       3       com.sun.tools.javac.code.Scope$1::accepts (9 bytes)
Event: 628.232 Thread 0x00000000164ed000 nmethod 14183 0x00000000052cb8d0 code [0x00000000052cba40, 0x00000000052cbd50]
Event: 628.232 Thread 0x00000000164ed000 14184       3       com.sun.tools.javac.code.Scope$1::accepts (14 bytes)
Event: 628.232 Thread 0x00000000164ed000 nmethod 14184 0x00000000052da350 code [0x00000000052da4a0, 0x00000000052da650]
Event: 628.233 Thread 0x00000000164ed000 14185   !   3       com.sun.tools.javac.comp.MemberEnter::complete (1573 bytes)

GC Heap History (10 events):
Event: 23.852 GC heap after
Heap after GC invocations=15 (full 3):
 PSYoungGen      total 198656K, used 0K [0x00000000e0000000, 0x00000000edc00000, 0x0000000100000000)
  eden space 180736K, 0% used [0x00000000e0000000,0x00000000e0000000,0x00000000eb080000)
  from space 17920K, 0% used [0x00000000ec100000,0x00000000ec100000,0x00000000ed280000)
  to   space 16896K, 0% used [0x00000000eb080000,0x00000000eb080000,0x00000000ec100000)
 ParOldGen       total 137216K, used 36583K [0x00000000a0000000, 0x00000000a8600000, 0x00000000e0000000)
  object space 137216K, 26% used [0x00000000a0000000,0x00000000a23b9e90,0x00000000a8600000)
 Metaspace       used 57255K, capacity 59036K, committed 59136K, reserved 1099776K
  class space    used 7718K, capacity 8172K, committed 8192K, reserved 1048576K
}
Event: 27.902 GC heap before
{Heap before GC invocations=16 (full 3):
 PSYoungGen      total 198656K, used 180736K [0x00000000e0000000, 0x00000000edc00000, 0x0000000100000000)
  eden space 180736K, 100% used [0x00000000e0000000,0x00000000eb080000,0x00000000eb080000)
  from space 17920K, 0% used [0x00000000ec100000,0x00000000ec100000,0x00000000ed280000)
  to   space 16896K, 0% used [0x00000000eb080000,0x00000000eb080000,0x00000000ec100000)
 ParOldGen       total 137216K, used 36583K [0x00000000a0000000, 0x00000000a8600000, 0x00000000e0000000)
  object space 137216K, 26% used [0x00000000a0000000,0x00000000a23b9e90,0x00000000a8600000)
 Metaspace       used 65823K, capacity 68304K, committed 68480K, reserved 1107968K
  class space    used 9023K, capacity 9598K, committed 9600K, reserved 1048576K
Event: 27.927 GC heap after
Heap after GC invocations=16 (full 3):
 PSYoungGen      total 197632K, used 15482K [0x00000000e0000000, 0x00000000ef700000, 0x0000000100000000)
  eden space 180736K, 0% used [0x00000000e0000000,0x00000000e0000000,0x00000000eb080000)
  from space 16896K, 91% used [0x00000000eb080000,0x00000000ebf9eaa8,0x00000000ec100000)
  to   space 18432K, 0% used [0x00000000ee500000,0x00000000ee500000,0x00000000ef700000)
 ParOldGen       total 137216K, used 36591K [0x00000000a0000000, 0x00000000a8600000, 0x00000000e0000000)
  object space 137216K, 26% used [0x00000000a0000000,0x00000000a23bbe90,0x00000000a8600000)
 Metaspace       used 65823K, capacity 68304K, committed 68480K, reserved 1107968K
  class space    used 9023K, capacity 9598K, committed 9600K, reserved 1048576K
}
Event: 33.089 GC heap before
{Heap before GC invocations=17 (full 3):
 PSYoungGen      total 197632K, used 196218K [0x00000000e0000000, 0x00000000ef700000, 0x0000000100000000)
  eden space 180736K, 100% used [0x00000000e0000000,0x00000000eb080000,0x00000000eb080000)
  from space 16896K, 91% used [0x00000000eb080000,0x00000000ebf9eaa8,0x00000000ec100000)
  to   space 18432K, 0% used [0x00000000ee500000,0x00000000ee500000,0x00000000ef700000)
 ParOldGen       total 137216K, used 36591K [0x00000000a0000000, 0x00000000a8600000, 0x00000000e0000000)
  object space 137216K, 26% used [0x00000000a0000000,0x00000000a23bbe90,0x00000000a8600000)
 Metaspace       used 69938K, capacity 72486K, committed 72832K, reserved 1112064K
  class space    used 9469K, capacity 10045K, committed 10112K, reserved 1048576K
Event: 33.136 GC heap after
Heap after GC invocations=17 (full 3):
 PSYoungGen      total 229888K, used 18401K [0x00000000e0000000, 0x00000000efe80000, 0x0000000100000000)
  eden space 211456K, 0% used [0x00000000e0000000,0x00000000e0000000,0x00000000ece80000)
  from space 18432K, 99% used [0x00000000ee500000,0x00000000ef6f8500,0x00000000ef700000)
  to   space 23040K, 0% used [0x00000000ece80000,0x00000000ece80000,0x00000000ee500000)
 ParOldGen       total 137216K, used 42683K [0x00000000a0000000, 0x00000000a8600000, 0x00000000e0000000)
  object space 137216K, 31% used [0x00000000a0000000,0x00000000a29aec00,0x00000000a8600000)
 Metaspace       used 69938K, capacity 72486K, committed 72832K, reserved 1112064K
  class space    used 9469K, capacity 10045K, committed 10112K, reserved 1048576K
}
Event: 615.888 GC heap before
{Heap before GC invocations=18 (full 3):
 PSYoungGen      total 229888K, used 229857K [0x00000000e0000000, 0x00000000efe80000, 0x0000000100000000)
  eden space 211456K, 100% used [0x00000000e0000000,0x00000000ece80000,0x00000000ece80000)
  from space 18432K, 99% used [0x00000000ee500000,0x00000000ef6f8500,0x00000000ef700000)
  to   space 23040K, 0% used [0x00000000ece80000,0x00000000ece80000,0x00000000ee500000)
 ParOldGen       total 137216K, used 42683K [0x00000000a0000000, 0x00000000a8600000, 0x00000000e0000000)
  object space 137216K, 31% used [0x00000000a0000000,0x00000000a29aec00,0x00000000a8600000)
 Metaspace       used 76538K, capacity 79872K, committed 80000K, reserved 1118208K
  class space    used 10086K, capacity 10843K, committed 10880K, reserved 1048576K
Event: 615.961 GC heap after
Heap after GC invocations=18 (full 3):
 PSYoungGen      total 234496K, used 18887K [0x00000000e0000000, 0x00000000f1e80000, 0x0000000100000000)
  eden space 211456K, 0% used [0x00000000e0000000,0x00000000e0000000,0x00000000ece80000)
  from space 23040K, 81% used [0x00000000ece80000,0x00000000ee0f1d78,0x00000000ee500000)
  to   space 25088K, 0% used [0x00000000f0600000,0x00000000f0600000,0x00000000f1e80000)
 ParOldGen       total 137216K, used 59631K [0x00000000a0000000, 0x00000000a8600000, 0x00000000e0000000)
  object space 137216K, 43% used [0x00000000a0000000,0x00000000a3a3bd10,0x00000000a8600000)
 Metaspace       used 76538K, capacity 79872K, committed 80000K, reserved 1118208K
  class space    used 10086K, capacity 10843K, committed 10880K, reserved 1048576K
}
Event: 623.584 GC heap before
{Heap before GC invocations=19 (full 3):
 PSYoungGen      total 234496K, used 230343K [0x00000000e0000000, 0x00000000f1e80000, 0x0000000100000000)
  eden space 211456K, 100% used [0x00000000e0000000,0x00000000ece80000,0x00000000ece80000)
  from space 23040K, 81% used [0x00000000ece80000,0x00000000ee0f1d78,0x00000000ee500000)
  to   space 25088K, 0% used [0x00000000f0600000,0x00000000f0600000,0x00000000f1e80000)
 ParOldGen       total 137216K, used 59631K [0x00000000a0000000, 0x00000000a8600000, 0x00000000e0000000)
  object space 137216K, 43% used [0x00000000a0000000,0x00000000a3a3bd10,0x00000000a8600000)
 Metaspace       used 79959K, capacity 83386K, committed 83456K, reserved 1122304K
  class space    used 10473K, capacity 11230K, committed 11264K, reserved 1048576K
Event: 623.638 GC heap after
Heap after GC invocations=19 (full 3):
 PSYoungGen      total 263168K, used 25084K [0x00000000e0000000, 0x00000000f2780000, 0x0000000100000000)
  eden space 238080K, 0% used [0x00000000e0000000,0x00000000e0000000,0x00000000ee880000)
  from space 25088K, 99% used [0x00000000f0600000,0x00000000f1e7f080,0x00000000f1e80000)
  to   space 30208K, 0% used [0x00000000ee880000,0x00000000ee880000,0x00000000f0600000)
 ParOldGen       total 137216K, used 64269K [0x00000000a0000000, 0x00000000a8600000, 0x00000000e0000000)
  object space 137216K, 46% used [0x00000000a0000000,0x00000000a3ec3730,0x00000000a8600000)
 Metaspace       used 79959K, capacity 83386K, committed 83456K, reserved 1122304K
  class space    used 10473K, capacity 11230K, committed 11264K, reserved 1048576K
}
Event: 628.247 GC heap before
{Heap before GC invocations=20 (full 3):
 PSYoungGen      total 263168K, used 263164K [0x00000000e0000000, 0x00000000f2780000, 0x0000000100000000)
  eden space 238080K, 100% used [0x00000000e0000000,0x00000000ee880000,0x00000000ee880000)
  from space 25088K, 99% used [0x00000000f0600000,0x00000000f1e7f080,0x00000000f1e80000)
  to   space 30208K, 0% used [0x00000000ee880000,0x00000000ee880000,0x00000000f0600000)
 ParOldGen       total 137216K, used 64269K [0x00000000a0000000, 0x00000000a8600000, 0x00000000e0000000)
  object space 137216K, 46% used [0x00000000a0000000,0x00000000a3ec3730,0x00000000a8600000)
 Metaspace       used 85973K, capacity 89490K, committed 89600K, reserved 1126400K
  class space    used 11137K, capacity 11942K, committed 12032K, reserved 1048576K

Deoptimization events (10 events):
Event: 627.512 Thread 0x000000001a263800 Uncommon trap: reason=array_check action=maybe_recompile pc=0x000000000517bd34 method=java.util.ComparableTimSort.binarySort([Ljava/lang/Object;III)V @ 215
Event: 627.650 Thread 0x000000001a263800 Uncommon trap: reason=predicate action=maybe_recompile pc=0x00000000037bb5f4 method=java.util.Collections.indexedBinarySearch(Ljava/util/List;Ljava/lang/Object;)I @ 16
Event: 627.651 Thread 0x000000001a263800 Uncommon trap: reason=predicate action=maybe_recompile pc=0x0000000004153908 method=java.util.Collections.indexedBinarySearch(Ljava/util/List;Ljava/lang/Object;)I @ 16
Event: 627.882 Thread 0x000000001a263800 Uncommon trap: reason=class_check action=maybe_recompile pc=0x00000000051fda58 method=com.sun.tools.javac.util.List.prependList(Lcom/sun/tools/javac/util/List;)Lcom/sun/tools/javac/util/List; @ 1
Event: 627.908 Thread 0x000000001a263800 Uncommon trap: reason=unloaded action=reinterpret pc=0x0000000005205500 method=com.sun.tools.javac.jvm.ClassReader.readPool(I)Ljava/lang/Object; @ 390
Event: 628.003 Thread 0x000000001a263800 Uncommon trap: reason=class_check action=maybe_recompile pc=0x00000000051fda58 method=com.sun.tools.javac.util.List.prependList(Lcom/sun/tools/javac/util/List;)Lcom/sun/tools/javac/util/List; @ 1
Event: 628.139 Thread 0x000000001a263800 Uncommon trap: reason=bimorphic action=maybe_recompile pc=0x0000000005248914 method=com.sun.tools.javac.code.Symbol$TypeSymbol.formFlatName(Lcom/sun/tools/javac/util/Name;Lcom/sun/tools/javac/code/Symbol;)Lcom/sun/tools/javac/util/Name; @ 54
Event: 628.140 Thread 0x000000001a263800 Uncommon trap: reason=bimorphic action=maybe_recompile pc=0x0000000005248914 method=com.sun.tools.javac.code.Symbol$TypeSymbol.formFlatName(Lcom/sun/tools/javac/util/Name;Lcom/sun/tools/javac/code/Symbol;)Lcom/sun/tools/javac/util/Name; @ 54
Event: 628.149 Thread 0x000000001a263800 Uncommon trap: reason=class_check action=maybe_recompile pc=0x00000000051fda58 method=com.sun.tools.javac.util.List.prependList(Lcom/sun/tools/javac/util/List;)Lcom/sun/tools/javac/util/List; @ 1
Event: 628.243 Thread 0x000000001a263800 Uncommon trap: reason=class_check action=maybe_recompile pc=0x00000000051fda58 method=com.sun.tools.javac.util.List.prependList(Lcom/sun/tools/javac/util/List;)Lcom/sun/tools/javac/util/List; @ 1

Classes redefined (0 events):
No events

Internal exceptions (10 events):
Event: 619.926 Thread 0x000000001a263800 Exception <a 'java/lang/NoSuchMethodError': <clinit>> (0x00000000ea0b21c0) thrown at [D:\src\AOSP-openjdk-cygwin\jdk8u\hotspot\src\share\vm\prims\jni.cpp, line 1614]
Event: 619.927 Thread 0x000000001a263800 Exception <a 'java/lang/NoSuchMethodError': <clinit>> (0x00000000ea0b3a98) thrown at [D:\src\AOSP-openjdk-cygwin\jdk8u\hotspot\src\share\vm\prims\jni.cpp, line 1614]
Event: 620.138 Thread 0x000000001a263800 Exception <a 'java/lang/NoSuchMethodError': <clinit>> (0x00000000ea7311a8) thrown at [D:\src\AOSP-openjdk-cygwin\jdk8u\hotspot\src\share\vm\prims\jni.cpp, line 1614]
Event: 620.142 Thread 0x000000001a263800 Exception <a 'java/lang/NoSuchMethodError': <clinit>> (0x00000000ea752560) thrown at [D:\src\AOSP-openjdk-cygwin\jdk8u\hotspot\src\share\vm\prims\jni.cpp, line 1614]
Event: 620.144 Thread 0x000000001a263800 Exception <a 'java/lang/NoSuchMethodError': <clinit>> (0x00000000ea77c018) thrown at [D:\src\AOSP-openjdk-cygwin\jdk8u\hotspot\src\share\vm\prims\jni.cpp, line 1614]
Event: 620.155 Thread 0x000000001a263800 Exception <a 'java/lang/NoSuchMethodError': <clinit>> (0x00000000ea7e0190) thrown at [D:\src\AOSP-openjdk-cygwin\jdk8u\hotspot\src\share\vm\prims\jni.cpp, line 1614]
Event: 620.163 Thread 0x000000001a263800 Exception <a 'java/lang/NoSuchMethodError': <clinit>> (0x00000000ea813770) thrown at [D:\src\AOSP-openjdk-cygwin\jdk8u\hotspot\src\share\vm\prims\jni.cpp, line 1614]
Event: 623.808 Thread 0x000000001f393800 Exception <a 'sun/nio/fs/WindowsException'> (0x00000000e0f69f10) thrown at [D:\src\AOSP-openjdk-cygwin\jdk8u\hotspot\src\share\vm\prims\jni.cpp, line 710]
Event: 623.808 Thread 0x000000001f393800 Exception <a 'sun/nio/fs/WindowsException'> (0x00000000e0f6a3b8) thrown at [D:\src\AOSP-openjdk-cygwin\jdk8u\hotspot\src\share\vm\prims\jni.cpp, line 710]
Event: 627.360 Thread 0x000000001a263800 Implicit null exception at 0x0000000004133f2f to 0x0000000004134545

Events (10 events):
Event: 628.204 loading class com/sun/tools/javac/comp/MemberEnter$2
Event: 628.204 loading class com/sun/tools/javac/comp/MemberEnter$2 done
Event: 628.204 loading class com/sun/tools/javac/comp/MemberEnter$3
Event: 628.204 loading class com/sun/tools/javac/comp/MemberEnter$3 done
Event: 628.205 loading class com/sun/tools/javac/comp/MemberEnter$4
Event: 628.205 loading class com/sun/tools/javac/comp/MemberEnter$4 done
Event: 628.243 Thread 0x000000001a263800 Uncommon trap: trap_request=0xffffffde fr.pc=0x00000000051fda58
Event: 628.243 Thread 0x000000001a263800 DEOPT PACKING pc=0x00000000051fda58 sp=0x000000001f9b78a0
Event: 628.243 Thread 0x000000001a263800 DEOPT UNPACKING pc=0x0000000002bb557b sp=0x000000001f9b7840 mode 2
Event: 628.247 Executing VM operation: ParallelGCFailedAllocation


Dynamic libraries:
0x00007ff797fc0000 - 0x00007ff797ff1000 	C:\Program Files\Android\Android Studio\jre\bin\java.exe
0x00007fffde520000 - 0x00007fffde710000 	C:\Windows\SYSTEM32\ntdll.dll
0x00007fffae6b0000 - 0x00007fffae6c2000 	C:\Program Files\Avast Software\Avast\aswhook.dll
0x00007fffdd300000 - 0x00007fffdd3b2000 	C:\Windows\System32\KERNEL32.DLL
0x00007fffdb9a0000 - 0x00007fffdbc43000 	C:\Windows\System32\KERNELBASE.dll
0x00007fffdcb80000 - 0x00007fffdcc23000 	C:\Windows\System32\ADVAPI32.dll
0x00007fffdde90000 - 0x00007fffddf2e000 	C:\Windows\System32\msvcrt.dll
0x00007fffddf30000 - 0x00007fffddfc7000 	C:\Windows\System32\sechost.dll
0x00007fffde3c0000 - 0x00007fffde4e0000 	C:\Windows\System32\RPCRT4.dll
0x00007fffde220000 - 0x00007fffde3b4000 	C:\Windows\System32\USER32.dll
0x00007fffdb580000 - 0x00007fffdb5a1000 	C:\Windows\System32\win32u.dll
0x00007fffdd180000 - 0x00007fffdd1a6000 	C:\Windows\System32\GDI32.dll
0x00007fffdb800000 - 0x00007fffdb994000 	C:\Windows\System32\gdi32full.dll
0x00007fffdb4b0000 - 0x00007fffdb54e000 	C:\Windows\System32\msvcp_win.dll
0x00007fffdb5b0000 - 0x00007fffdb6aa000 	C:\Windows\System32\ucrtbase.dll
0x00007fffcc200000 - 0x00007fffcc485000 	C:\Windows\WinSxS\amd64_microsoft.windows.common-controls_6595b64144ccf1df_6.0.18362.778_none_e6c6b761130d4fb8\COMCTL32.dll
0x00007fffdc5d0000 - 0x00007fffdc906000 	C:\Windows\System32\combase.dll
0x00007fffdbc50000 - 0x00007fffdbcd0000 	C:\Windows\System32\bcryptPrimitives.dll
0x00007fffdd3c0000 - 0x00007fffdd3ee000 	C:\Windows\System32\IMM32.DLL
0x000000005da60000 - 0x000000005db32000 	C:\Program Files\Android\Android Studio\jre\jre\bin\msvcr100.dll
0x000000005c270000 - 0x000000005cab6000 	C:\Program Files\Android\Android Studio\jre\jre\bin\server\jvm.dll
0x00007fffdd1b0000 - 0x00007fffdd1b8000 	C:\Windows\System32\PSAPI.DLL
0x00007fffc9660000 - 0x00007fffc9669000 	C:\Windows\SYSTEM32\WSOCK32.dll
0x00007fffde1a0000 - 0x00007fffde20f000 	C:\Windows\System32\WS2_32.dll
0x00007fffd7de0000 - 0x00007fffd7e04000 	C:\Windows\SYSTEM32\WINMM.dll
0x00007fffd4a90000 - 0x00007fffd4a9a000 	C:\Windows\SYSTEM32\VERSION.dll
0x00007fffd7db0000 - 0x00007fffd7ddd000 	C:\Windows\SYSTEM32\WINMMBASE.dll
0x00007fffdc500000 - 0x00007fffdc54a000 	C:\Windows\System32\cfgmgr32.dll
0x00007fffd8b70000 - 0x00007fffd8b7f000 	C:\Program Files\Android\Android Studio\jre\jre\bin\verify.dll
0x00007fffcb140000 - 0x00007fffcb169000 	C:\Program Files\Android\Android Studio\jre\jre\bin\java.dll
0x00007fffcac30000 - 0x00007fffcac46000 	C:\Program Files\Android\Android Studio\jre\jre\bin\zip.dll
0x00007fffdd670000 - 0x00007fffddd55000 	C:\Windows\System32\SHELL32.dll
0x00007fffdd460000 - 0x00007fffdd509000 	C:\Windows\System32\shcore.dll
0x00007fffdbd80000 - 0x00007fffdc500000 	C:\Windows\System32\windows.storage.dll
0x00007fffdb460000 - 0x00007fffdb483000 	C:\Windows\System32\profapi.dll
0x00007fffdb410000 - 0x00007fffdb45a000 	C:\Windows\System32\powrprof.dll
0x00007fffdb3e0000 - 0x00007fffdb3f0000 	C:\Windows\System32\UMPDC.dll
0x00007fffdde30000 - 0x00007fffdde82000 	C:\Windows\System32\shlwapi.dll
0x00007fffdb490000 - 0x00007fffdb4a1000 	C:\Windows\System32\kernel.appcore.dll
0x00007fffdc5b0000 - 0x00007fffdc5c7000 	C:\Windows\System32\cryptsp.dll
0x00007fffcabf0000 - 0x00007fffcac0a000 	C:\Program Files\Android\Android Studio\jre\jre\bin\net.dll
0x00007fffcbe30000 - 0x00007fffcc005000 	C:\Windows\SYSTEM32\urlmon.dll
0x00007fffce930000 - 0x00007fffcebd6000 	C:\Windows\SYSTEM32\iertutil.dll
0x00007fffdadc0000 - 0x00007fffdadcc000 	C:\Windows\SYSTEM32\CRYPTBASE.DLL
0x00007fffdabf0000 - 0x00007fffdac57000 	C:\Windows\system32\mswsock.dll
0x00007fffca890000 - 0x00007fffca8a3000 	C:\Program Files\Android\Android Studio\jre\jre\bin\nio.dll
0x00007fffb7440000 - 0x00007fffb7466000 	C:\Users\rickn\.gradle\native\30\windows-amd64\native-platform.dll
0x00007fffd72c0000 - 0x00007fffd72cd000 	C:\Program Files\Android\Android Studio\jre\jre\bin\management.dll
0x00007fffda760000 - 0x00007fffda793000 	C:\Windows\system32\rsaenh.dll
0x00007fffdb550000 - 0x00007fffdb576000 	C:\Windows\System32\bcrypt.dll
0x00007fffdb300000 - 0x00007fffdb325000 	C:\Windows\SYSTEM32\USERENV.dll
0x00007fffda900000 - 0x00007fffda93a000 	C:\Windows\SYSTEM32\IPHLPAPI.DLL
0x00007fffde210000 - 0x00007fffde218000 	C:\Windows\System32\NSI.dll
0x00007fffcec00000 - 0x00007fffcec16000 	C:\Windows\SYSTEM32\dhcpcsvc6.DLL
0x00007fffcebe0000 - 0x00007fffcebfc000 	C:\Windows\SYSTEM32\dhcpcsvc.DLL
0x00007fffda940000 - 0x00007fffdaa0a000 	C:\Windows\SYSTEM32\DNSAPI.dll
0x00007fffd9de0000 - 0x00007fffd9fd4000 	C:\Windows\SYSTEM32\dbghelp.dll

VM Arguments:
jvm_args: -Xmx1536m -Dfile.encoding=windows-1252 -Duser.country=BR -Duser.language=pt -Duser.variant 
java_command: org.gradle.launcher.daemon.bootstrap.GradleDaemon 5.6.4
java_class_path (initial): C:\Users\rickn\.gradle\wrapper\dists\gradle-5.6.4-all\ankdp27end7byghfw1q2sw75f\gradle-5.6.4\lib\gradle-launcher-5.6.4.jar
Launcher Type: SUN_STANDARD

Environment Variables:
JAVA_HOME=C:\Program Files\OpenJDK\openjdk-8u262-b10
CLASSPATH=.;
PATH=C:\Python27\;C:\Python27\Scripts;C:\ProgramData\Oracle\Java\javapath;C:\Windows\system32;C:\Windows;C:\Windows\System32\Wbem;C:\Windows\System32\WindowsPowerShell\v1.0\;C:\Windows\System32\OpenSSH\;C:\Program Files\PuTTY\;C:\Program Files\Git\cmd;C:\Program Files (x86)\GtkSharp\2.12\bin;C:\ProgramData\chocolatey\bin;C:\Program Files\nodejs\;C:\Program Files\Java\jdk1.8.0_211\bin;C:\users\rickn\AppData\local\Android\sdk\platform-tools;C:\Program Files\OpenJDK\openjdk-8u262-b10\bin;C:\Program Files (x86)\Yarn\bin\;C:\src\flutter\bin;C:\Users\rickn\AppData\Local\Microsoft\WindowsApps;C:\Users\rickn\AppData\Local\Programs\Microsoft VS Code\bin;C:\php;C:\mariadb-10.5.2-winx64\bin;C:\Users\rickn\AppData\Roaming\npm;C:\Program Files\nodejs\;C:\Users\rickn\AppData\Local\hyper\app-3.0.2\resources\bin;C:\Users\rickn\AppData\Local\Android\Sdk\platform-tools;C:\Users\rickn\AppData\Local\Yarn\bin
USERNAME=rickn
OS=Windows_NT
PROCESSOR_IDENTIFIER=Intel64 Family 6 Model 78 Stepping 3, GenuineIntel



---------------  S Y S T E M  ---------------

OS: Windows 10.0 , 64 bit Build 18362 (10.0.18362.778)

CPU:total 4 (initial active 4) (2 cores per cpu, 2 threads per core) family 6 model 78 stepping 3, cmov, cx8, fxsr, mmx, sse, sse2, sse3, ssse3, sse4.1, sse4.2, popcnt, avx, avx2, aes, clmul, erms, rtm, 3dnowpref, lzcnt, ht, tsc, tscinvbit, bmi1, bmi2, adx

Memory: 4k page, physical 8292256k(1242120k free), swap 14583712k(4974456k free)

vm_info: OpenJDK 64-Bit Server VM (25.212-b04) for windows-amd64 JRE (1.8.0_212-release-1586-b04), built by "builder" with MS VC++ 10.0 (VS2010)

time: Sat Oct 03 01:38:39 2020
timezone: Hora Padrão de Buenos Aires
elapsed time: 628 seconds (0d 0h 10m 28s)

